[24-Jun-2018 20:18:06 UTC] PHP Fatal error:  Uncaught Error: Call to undefined function get_field() in /Users/chetverukhin/Code/mercedes/wp-content/themes/simareeno/single-post.php:3
Stack trace:
#0 /Users/chetverukhin/Code/mercedes/wp-includes/template-loader.php(74): include()
#1 /Users/chetverukhin/Code/mercedes/wp-blog-header.php(19): require_once('/Users/chetveru...')
#2 /Users/chetverukhin/Code/mercedes/index.php(17): require('/Users/chetveru...')
#3 {main}
  thrown in /Users/chetverukhin/Code/mercedes/wp-content/themes/simareeno/single-post.php on line 3
[24-Jun-2018 20:18:06 UTC] PHP Notice:  Constant WP_USE_THEMES already defined in /Users/chetverukhin/Code/mercedes/wp-content/themes/simareeno/404.php on line 1
[24-Jun-2018 20:18:45 UTC] PHP Fatal error:  Uncaught Error: Call to undefined function get_field() in /Users/chetverukhin/Code/mercedes/wp-content/themes/simareeno/single-post.php:3
Stack trace:
#0 /Users/chetverukhin/Code/mercedes/wp-includes/template-loader.php(74): include()
#1 /Users/chetverukhin/Code/mercedes/wp-blog-header.php(19): require_once('/Users/chetveru...')
#2 /Users/chetverukhin/Code/mercedes/index.php(17): require('/Users/chetveru...')
#3 {main}
  thrown in /Users/chetverukhin/Code/mercedes/wp-content/themes/simareeno/single-post.php on line 3
[24-Jun-2018 20:18:46 UTC] PHP Notice:  Constant WP_USE_THEMES already defined in /Users/chetverukhin/Code/mercedes/wp-content/themes/simareeno/404.php on line 1
[24-Jun-2018 20:18:55 UTC] PHP Notice:  Undefined property: WP_Error::$name in /Users/chetverukhin/Code/mercedes/wp-content/themes/simareeno/category-41.php on line 23
[24-Jun-2018 20:18:55 UTC] PHP Fatal error:  Uncaught Error: Call to undefined function z_taxonomy_image_url() in /Users/chetverukhin/Code/mercedes/wp-content/themes/simareeno/category-41.php:57
Stack trace:
#0 /Users/chetverukhin/Code/mercedes/wp-includes/template-loader.php(74): include()
#1 /Users/chetverukhin/Code/mercedes/wp-blog-header.php(19): require_once('/Users/chetveru...')
#2 /Users/chetverukhin/Code/mercedes/index.php(17): require('/Users/chetveru...')
#3 {main}
  thrown in /Users/chetverukhin/Code/mercedes/wp-content/themes/simareeno/category-41.php on line 57
[24-Jun-2018 20:18:55 UTC] PHP Notice:  Constant WP_USE_THEMES already defined in /Users/chetverukhin/Code/mercedes/wp-content/themes/simareeno/404.php on line 1
[24-Jun-2018 20:18:57 UTC] PHP Notice:  Undefined property: WP_Error::$name in /Users/chetverukhin/Code/mercedes/wp-content/themes/simareeno/category-60.php on line 35
[24-Jun-2018 20:18:57 UTC] PHP Fatal error:  Uncaught Error: Call to undefined function z_taxonomy_image_url() in /Users/chetverukhin/Code/mercedes/wp-content/themes/simareeno/category-60.php:55
Stack trace:
#0 /Users/chetverukhin/Code/mercedes/wp-includes/template-loader.php(74): include()
#1 /Users/chetverukhin/Code/mercedes/wp-blog-header.php(19): require_once('/Users/chetveru...')
#2 /Users/chetverukhin/Code/mercedes/index.php(17): require('/Users/chetveru...')
#3 {main}
  thrown in /Users/chetverukhin/Code/mercedes/wp-content/themes/simareeno/category-60.php on line 55
[24-Jun-2018 20:18:57 UTC] PHP Notice:  Constant WP_USE_THEMES already defined in /Users/chetverukhin/Code/mercedes/wp-content/themes/simareeno/404.php on line 1
[24-Jun-2018 20:19:00 UTC] PHP Notice:  Constant WP_USE_THEMES already defined in /Users/chetverukhin/Code/mercedes/wp-content/themes/simareeno/404.php on line 1
[24-Jun-2018 20:19:02 UTC] PHP Notice:  Constant WP_USE_THEMES already defined in /Users/chetverukhin/Code/mercedes/wp-content/themes/simareeno/404.php on line 1
[24-Jun-2018 20:19:04 UTC] PHP Notice:  Undefined property: WP_Error::$name in /Users/chetverukhin/Code/mercedes/wp-content/themes/simareeno/category-41.php on line 23
[24-Jun-2018 20:19:04 UTC] PHP Fatal error:  Uncaught Error: Call to undefined function z_taxonomy_image_url() in /Users/chetverukhin/Code/mercedes/wp-content/themes/simareeno/category-41.php:57
Stack trace:
#0 /Users/chetverukhin/Code/mercedes/wp-includes/template-loader.php(74): include()
#1 /Users/chetverukhin/Code/mercedes/wp-blog-header.php(19): require_once('/Users/chetveru...')
#2 /Users/chetverukhin/Code/mercedes/index.php(17): require('/Users/chetveru...')
#3 {main}
  thrown in /Users/chetverukhin/Code/mercedes/wp-content/themes/simareeno/category-41.php on line 57
[24-Jun-2018 20:19:04 UTC] PHP Notice:  Constant WP_USE_THEMES already defined in /Users/chetverukhin/Code/mercedes/wp-content/themes/simareeno/404.php on line 1
[24-Jun-2018 20:19:05 UTC] PHP Notice:  Undefined property: WP_Error::$name in /Users/chetverukhin/Code/mercedes/wp-content/themes/simareeno/category-41.php on line 23
[24-Jun-2018 20:19:05 UTC] PHP Fatal error:  Uncaught Error: Call to undefined function z_taxonomy_image_url() in /Users/chetverukhin/Code/mercedes/wp-content/themes/simareeno/category-41.php:57
Stack trace:
#0 /Users/chetverukhin/Code/mercedes/wp-includes/template-loader.php(74): include()
#1 /Users/chetverukhin/Code/mercedes/wp-blog-header.php(19): require_once('/Users/chetveru...')
#2 /Users/chetverukhin/Code/mercedes/index.php(17): require('/Users/chetveru...')
#3 {main}
  thrown in /Users/chetverukhin/Code/mercedes/wp-content/themes/simareeno/category-41.php on line 57
[24-Jun-2018 20:19:05 UTC] PHP Notice:  Constant WP_USE_THEMES already defined in /Users/chetverukhin/Code/mercedes/wp-content/themes/simareeno/404.php on line 1
[24-Jun-2018 20:19:50 UTC] PHP Notice:  Undefined property: WP_Error::$name in /Users/chetverukhin/Code/mercedes/wp-content/themes/simareeno/category-41.php on line 23
[24-Jun-2018 20:19:50 UTC] PHP Fatal error:  Uncaught Error: Call to undefined function z_taxonomy_image_url() in /Users/chetverukhin/Code/mercedes/wp-content/themes/simareeno/category-41.php:57
Stack trace:
#0 /Users/chetverukhin/Code/mercedes/wp-includes/template-loader.php(74): include()
#1 /Users/chetverukhin/Code/mercedes/wp-blog-header.php(19): require_once('/Users/chetveru...')
#2 /Users/chetverukhin/Code/mercedes/index.php(17): require('/Users/chetveru...')
#3 {main}
  thrown in /Users/chetverukhin/Code/mercedes/wp-content/themes/simareeno/category-41.php on line 57
[24-Jun-2018 20:19:53 UTC] PHP Notice:  Undefined property: WP_Error::$name in /Users/chetverukhin/Code/mercedes/wp-content/themes/simareeno/category-41.php on line 23
[24-Jun-2018 20:19:53 UTC] PHP Fatal error:  Uncaught Error: Call to undefined function z_taxonomy_image_url() in /Users/chetverukhin/Code/mercedes/wp-content/themes/simareeno/category-41.php:57
Stack trace:
#0 /Users/chetverukhin/Code/mercedes/wp-includes/template-loader.php(74): include()
#1 /Users/chetverukhin/Code/mercedes/wp-blog-header.php(19): require_once('/Users/chetveru...')
#2 /Users/chetverukhin/Code/mercedes/index.php(17): require('/Users/chetveru...')
#3 {main}
  thrown in /Users/chetverukhin/Code/mercedes/wp-content/themes/simareeno/category-41.php on line 57
[24-Jun-2018 20:19:54 UTC] PHP Notice:  Undefined property: WP_Error::$name in /Users/chetverukhin/Code/mercedes/wp-content/themes/simareeno/category-41.php on line 23
[24-Jun-2018 20:19:54 UTC] PHP Fatal error:  Uncaught Error: Call to undefined function z_taxonomy_image_url() in /Users/chetverukhin/Code/mercedes/wp-content/themes/simareeno/category-41.php:57
Stack trace:
#0 /Users/chetverukhin/Code/mercedes/wp-includes/template-loader.php(74): include()
#1 /Users/chetverukhin/Code/mercedes/wp-blog-header.php(19): require_once('/Users/chetveru...')
#2 /Users/chetverukhin/Code/mercedes/index.php(17): require('/Users/chetveru...')
#3 {main}
  thrown in /Users/chetverukhin/Code/mercedes/wp-content/themes/simareeno/category-41.php on line 57
[24-Jun-2018 20:19:54 UTC] PHP Notice:  Undefined property: WP_Error::$name in /Users/chetverukhin/Code/mercedes/wp-content/themes/simareeno/category-41.php on line 23
[24-Jun-2018 20:19:54 UTC] PHP Fatal error:  Uncaught Error: Call to undefined function z_taxonomy_image_url() in /Users/chetverukhin/Code/mercedes/wp-content/themes/simareeno/category-41.php:57
Stack trace:
#0 /Users/chetverukhin/Code/mercedes/wp-includes/template-loader.php(74): include()
#1 /Users/chetverukhin/Code/mercedes/wp-blog-header.php(19): require_once('/Users/chetveru...')
#2 /Users/chetverukhin/Code/mercedes/index.php(17): require('/Users/chetveru...')
#3 {main}
  thrown in /Users/chetverukhin/Code/mercedes/wp-content/themes/simareeno/category-41.php on line 57
[24-Jun-2018 20:19:54 UTC] PHP Notice:  Undefined property: WP_Error::$name in /Users/chetverukhin/Code/mercedes/wp-content/themes/simareeno/category-41.php on line 23
[24-Jun-2018 20:19:54 UTC] PHP Fatal error:  Uncaught Error: Call to undefined function z_taxonomy_image_url() in /Users/chetverukhin/Code/mercedes/wp-content/themes/simareeno/category-41.php:57
Stack trace:
#0 /Users/chetverukhin/Code/mercedes/wp-includes/template-loader.php(74): include()
#1 /Users/chetverukhin/Code/mercedes/wp-blog-header.php(19): require_once('/Users/chetveru...')
#2 /Users/chetverukhin/Code/mercedes/index.php(17): require('/Users/chetveru...')
#3 {main}
  thrown in /Users/chetverukhin/Code/mercedes/wp-content/themes/simareeno/category-41.php on line 57
[24-Jun-2018 20:19:55 UTC] PHP Notice:  Undefined property: WP_Error::$name in /Users/chetverukhin/Code/mercedes/wp-content/themes/simareeno/category-41.php on line 23
[24-Jun-2018 20:19:55 UTC] PHP Fatal error:  Uncaught Error: Call to undefined function z_taxonomy_image_url() in /Users/chetverukhin/Code/mercedes/wp-content/themes/simareeno/category-41.php:57
Stack trace:
#0 /Users/chetverukhin/Code/mercedes/wp-includes/template-loader.php(74): include()
#1 /Users/chetverukhin/Code/mercedes/wp-blog-header.php(19): require_once('/Users/chetveru...')
#2 /Users/chetverukhin/Code/mercedes/index.php(17): require('/Users/chetveru...')
#3 {main}
  thrown in /Users/chetverukhin/Code/mercedes/wp-content/themes/simareeno/category-41.php on line 57
[24-Jun-2018 20:19:57 UTC] PHP Notice:  Undefined property: WP_Error::$name in /Users/chetverukhin/Code/mercedes/wp-content/themes/simareeno/category-41.php on line 23
[24-Jun-2018 20:19:57 UTC] PHP Fatal error:  Uncaught Error: Call to undefined function z_taxonomy_image_url() in /Users/chetverukhin/Code/mercedes/wp-content/themes/simareeno/category-41.php:57
Stack trace:
#0 /Users/chetverukhin/Code/mercedes/wp-includes/template-loader.php(74): include()
#1 /Users/chetverukhin/Code/mercedes/wp-blog-header.php(19): require_once('/Users/chetveru...')
#2 /Users/chetverukhin/Code/mercedes/index.php(17): require('/Users/chetveru...')
#3 {main}
  thrown in /Users/chetverukhin/Code/mercedes/wp-content/themes/simareeno/category-41.php on line 57
[24-Jun-2018 20:19:58 UTC] PHP Notice:  Undefined property: WP_Error::$name in /Users/chetverukhin/Code/mercedes/wp-content/themes/simareeno/category-60.php on line 35
[24-Jun-2018 20:19:58 UTC] PHP Fatal error:  Uncaught Error: Call to undefined function z_taxonomy_image_url() in /Users/chetverukhin/Code/mercedes/wp-content/themes/simareeno/category-60.php:55
Stack trace:
#0 /Users/chetverukhin/Code/mercedes/wp-includes/template-loader.php(74): include()
#1 /Users/chetverukhin/Code/mercedes/wp-blog-header.php(19): require_once('/Users/chetveru...')
#2 /Users/chetverukhin/Code/mercedes/index.php(17): require('/Users/chetveru...')
#3 {main}
  thrown in /Users/chetverukhin/Code/mercedes/wp-content/themes/simareeno/category-60.php on line 55
[24-Jun-2018 20:19:59 UTC] PHP Notice:  Undefined property: WP_Error::$name in /Users/chetverukhin/Code/mercedes/wp-content/themes/simareeno/category-41.php on line 23
[24-Jun-2018 20:19:59 UTC] PHP Fatal error:  Uncaught Error: Call to undefined function z_taxonomy_image_url() in /Users/chetverukhin/Code/mercedes/wp-content/themes/simareeno/category-41.php:57
Stack trace:
#0 /Users/chetverukhin/Code/mercedes/wp-includes/template-loader.php(74): include()
#1 /Users/chetverukhin/Code/mercedes/wp-blog-header.php(19): require_once('/Users/chetveru...')
#2 /Users/chetverukhin/Code/mercedes/index.php(17): require('/Users/chetveru...')
#3 {main}
  thrown in /Users/chetverukhin/Code/mercedes/wp-content/themes/simareeno/category-41.php on line 57
[24-Jun-2018 20:20:48 UTC] PHP Notice:  Undefined property: WP_Error::$name in /Users/chetverukhin/Code/mercedes/wp-content/themes/simareeno/category-41.php on line 23
[24-Jun-2018 20:20:57 UTC] PHP Notice:  get_category_children is <strong>deprecated</strong> since version 2.8.0! Use get_term_children() instead. in /Users/chetverukhin/Code/mercedes/wp-includes/functions.php on line 3840
[24-Jun-2018 20:20:57 UTC] PHP Notice:  get_all_category_ids is <strong>deprecated</strong> since version 4.0.0! Use get_terms() instead. in /Users/chetverukhin/Code/mercedes/wp-includes/functions.php on line 3840
[24-Jun-2018 20:20:57 UTC] PHP Notice:  get_category_children is <strong>deprecated</strong> since version 2.8.0! Use get_term_children() instead. in /Users/chetverukhin/Code/mercedes/wp-includes/functions.php on line 3840
[24-Jun-2018 20:20:57 UTC] PHP Notice:  get_all_category_ids is <strong>deprecated</strong> since version 4.0.0! Use get_terms() instead. in /Users/chetverukhin/Code/mercedes/wp-includes/functions.php on line 3840
[24-Jun-2018 20:20:57 UTC] PHP Notice:  get_category_children is <strong>deprecated</strong> since version 2.8.0! Use get_term_children() instead. in /Users/chetverukhin/Code/mercedes/wp-includes/functions.php on line 3840
[24-Jun-2018 20:20:57 UTC] PHP Notice:  get_all_category_ids is <strong>deprecated</strong> since version 4.0.0! Use get_terms() instead. in /Users/chetverukhin/Code/mercedes/wp-includes/functions.php on line 3840
[24-Jun-2018 20:20:57 UTC] PHP Notice:  get_category_children is <strong>deprecated</strong> since version 2.8.0! Use get_term_children() instead. in /Users/chetverukhin/Code/mercedes/wp-includes/functions.php on line 3840
[24-Jun-2018 20:20:57 UTC] PHP Notice:  get_all_category_ids is <strong>deprecated</strong> since version 4.0.0! Use get_terms() instead. in /Users/chetverukhin/Code/mercedes/wp-includes/functions.php on line 3840
[24-Jun-2018 20:20:57 UTC] PHP Notice:  get_category_children is <strong>deprecated</strong> since version 2.8.0! Use get_term_children() instead. in /Users/chetverukhin/Code/mercedes/wp-includes/functions.php on line 3840
[24-Jun-2018 20:20:57 UTC] PHP Notice:  get_all_category_ids is <strong>deprecated</strong> since version 4.0.0! Use get_terms() instead. in /Users/chetverukhin/Code/mercedes/wp-includes/functions.php on line 3840
[24-Jun-2018 20:20:57 UTC] PHP Notice:  get_category_children is <strong>deprecated</strong> since version 2.8.0! Use get_term_children() instead. in /Users/chetverukhin/Code/mercedes/wp-includes/functions.php on line 3840
[24-Jun-2018 20:20:57 UTC] PHP Notice:  get_all_category_ids is <strong>deprecated</strong> since version 4.0.0! Use get_terms() instead. in /Users/chetverukhin/Code/mercedes/wp-includes/functions.php on line 3840
[24-Jun-2018 20:20:57 UTC] PHP Notice:  get_category_children is <strong>deprecated</strong> since version 2.8.0! Use get_term_children() instead. in /Users/chetverukhin/Code/mercedes/wp-includes/functions.php on line 3840
[24-Jun-2018 20:20:57 UTC] PHP Notice:  get_all_category_ids is <strong>deprecated</strong> since version 4.0.0! Use get_terms() instead. in /Users/chetverukhin/Code/mercedes/wp-includes/functions.php on line 3840
[24-Jun-2018 20:20:57 UTC] PHP Notice:  get_category_children is <strong>deprecated</strong> since version 2.8.0! Use get_term_children() instead. in /Users/chetverukhin/Code/mercedes/wp-includes/functions.php on line 3840
[24-Jun-2018 20:20:57 UTC] PHP Notice:  get_all_category_ids is <strong>deprecated</strong> since version 4.0.0! Use get_terms() instead. in /Users/chetverukhin/Code/mercedes/wp-includes/functions.php on line 3840
[24-Jun-2018 20:20:57 UTC] PHP Notice:  get_category_children is <strong>deprecated</strong> since version 2.8.0! Use get_term_children() instead. in /Users/chetverukhin/Code/mercedes/wp-includes/functions.php on line 3840
[24-Jun-2018 20:20:57 UTC] PHP Notice:  get_all_category_ids is <strong>deprecated</strong> since version 4.0.0! Use get_terms() instead. in /Users/chetverukhin/Code/mercedes/wp-includes/functions.php on line 3840
[24-Jun-2018 20:20:57 UTC] PHP Notice:  get_category_children is <strong>deprecated</strong> since version 2.8.0! Use get_term_children() instead. in /Users/chetverukhin/Code/mercedes/wp-includes/functions.php on line 3840
[24-Jun-2018 20:20:57 UTC] PHP Notice:  get_all_category_ids is <strong>deprecated</strong> since version 4.0.0! Use get_terms() instead. in /Users/chetverukhin/Code/mercedes/wp-includes/functions.php on line 3840
[24-Jun-2018 20:20:57 UTC] PHP Notice:  get_category_children is <strong>deprecated</strong> since version 2.8.0! Use get_term_children() instead. in /Users/chetverukhin/Code/mercedes/wp-includes/functions.php on line 3840
[24-Jun-2018 20:20:57 UTC] PHP Notice:  get_all_category_ids is <strong>deprecated</strong> since version 4.0.0! Use get_terms() instead. in /Users/chetverukhin/Code/mercedes/wp-includes/functions.php on line 3840
[24-Jun-2018 20:20:57 UTC] PHP Notice:  get_category_children is <strong>deprecated</strong> since version 2.8.0! Use get_term_children() instead. in /Users/chetverukhin/Code/mercedes/wp-includes/functions.php on line 3840
[24-Jun-2018 20:20:57 UTC] PHP Notice:  get_all_category_ids is <strong>deprecated</strong> since version 4.0.0! Use get_terms() instead. in /Users/chetverukhin/Code/mercedes/wp-includes/functions.php on line 3840
[24-Jun-2018 20:21:05 UTC] PHP Notice:  Undefined property: WP_Error::$roles in /Users/chetverukhin/Code/mercedes/wp-content/themes/simareeno/functions/admin-panel.php on line 40
